<?xml version="1.0" encoding="UTF-8"?>
<testng-results skipped="0" failed="1" total="3" passed="2">
  <reporter-output>
  </reporter-output>
  <suite name="Suite" duration-ms="275002" started-at="2018-05-29T05:48:03Z" finished-at="2018-05-29T05:52:38Z">
    <groups>
    </groups>
    <test name="Test Validate Navigation Bar" duration-ms="122236" started-at="2018-05-29T05:48:03Z" finished-at="2018-05-29T05:50:05Z">
      <class name="Acedemy.ValidateNavigationBar">
        <test-method status="PASS" signature="intialize()[pri:0, instance:Acedemy.ValidateNavigationBar@1725dc0f]" name="intialize" is-config="true" duration-ms="117880" started-at="2018-05-29T11:18:03Z" finished-at="2018-05-29T11:20:00Z">
          <reporter-output>
          </reporter-output>
        </test-method> <!-- intialize -->
        <test-method status="PASS" signature="validateAppBar()[pri:0, instance:Acedemy.ValidateNavigationBar@1725dc0f]" name="validateAppBar" duration-ms="2216" started-at="2018-05-29T11:20:00Z" finished-at="2018-05-29T11:20:03Z">
          <reporter-output>
          </reporter-output>
        </test-method> <!-- validateAppBar -->
        <test-method status="PASS" signature="teatfown()[pri:0, instance:Acedemy.ValidateNavigationBar@1725dc0f]" name="teatfown" is-config="true" duration-ms="2115" started-at="2018-05-29T11:20:03Z" finished-at="2018-05-29T11:20:05Z">
          <reporter-output>
          </reporter-output>
        </test-method> <!-- teatfown -->
      </class> <!-- Acedemy.ValidateNavigationBar -->
    </test> <!-- Test Validate Navigation Bar -->
    <test name="Test HomePage" duration-ms="80916" started-at="2018-05-29T05:50:05Z" finished-at="2018-05-29T05:51:26Z">
      <class name="Acedemy.HomePage">
        <test-method status="PASS" signature="intialize()[pri:0, instance:Acedemy.HomePage@1dde4cb2]" name="intialize" is-config="true" duration-ms="78466" started-at="2018-05-29T11:20:05Z" finished-at="2018-05-29T11:21:23Z">
          <reporter-output>
          </reporter-output>
        </test-method> <!-- intialize -->
        <test-method status="FAIL" signature="baseclassNavigation()[pri:0, instance:Acedemy.HomePage@1dde4cb2]" name="baseclassNavigation" duration-ms="279" started-at="2018-05-29T11:21:23Z" finished-at="2018-05-29T11:21:24Z">
          <exception class="org.openqa.selenium.WebDriverException">
            <message>
              <![CDATA[unknown error: Element <a href="http://qaclickacademy.usefedora.com/sign_in">...</a> is not clickable at point (1249, 16). Other element would receive the click: <div class="listbuilder-popup-content">...</div>
  (Session info: chrome=66.0.3359.181)
  (Driver info: chromedriver=2.38.552522 (437e6fbedfa8762dec75e2c5b3ddb86763dc9dcb),platform=Windows NT 10.0.17134 x86_64) (WARNING: The server did not provide any stacktrace information)
Command duration or timeout: 0 milliseconds
Build info: version: '3.12.0', revision: '7c6e0b3', time: '2018-05-08T14:04:26.12Z'
System info: host: 'KRIPAL-VAIO', ip: '192.168.0.5', os.name: 'Windows 10', os.arch: 'amd64', os.version: '10.0', java.version: '1.8.0_131'
Driver info: org.openqa.selenium.chrome.ChromeDriver
Capabilities {acceptInsecureCerts: false, acceptSslCerts: false, applicationCacheEnabled: false, browserConnectionEnabled: false, browserName: chrome, chrome: {chromedriverVersion: 2.38.552522 (437e6fbedfa876..., userDataDir: C:\Users\BL@DER~1\AppData\L...}, cssSelectorsEnabled: true, databaseEnabled: false, handlesAlerts: true, hasTouchScreen: false, javascriptEnabled: true, locationContextEnabled: true, mobileEmulationEnabled: false, nativeEvents: true, networkConnectionEnabled: false, pageLoadStrategy: normal, platform: XP, platformName: XP, rotatable: false, setWindowRect: true, takesHeapSnapshot: true, takesScreenshot: true, unexpectedAlertBehaviour: , unhandledPromptBehavior: , version: 66.0.3359.181, webStorageEnabled: true}
Session ID: 690af1450b45a80a392fd8711ff42628]]>
            </message>
            <full-stacktrace>
              <![CDATA[org.openqa.selenium.WebDriverException: unknown error: Element <a href="http://qaclickacademy.usefedora.com/sign_in">...</a> is not clickable at point (1249, 16). Other element would receive the click: <div class="listbuilder-popup-content">...</div>
  (Session info: chrome=66.0.3359.181)
  (Driver info: chromedriver=2.38.552522 (437e6fbedfa8762dec75e2c5b3ddb86763dc9dcb),platform=Windows NT 10.0.17134 x86_64) (WARNING: The server did not provide any stacktrace information)
Command duration or timeout: 0 milliseconds
Build info: version: '3.12.0', revision: '7c6e0b3', time: '2018-05-08T14:04:26.12Z'
System info: host: 'KRIPAL-VAIO', ip: '192.168.0.5', os.name: 'Windows 10', os.arch: 'amd64', os.version: '10.0', java.version: '1.8.0_131'
Driver info: org.openqa.selenium.chrome.ChromeDriver
Capabilities {acceptInsecureCerts: false, acceptSslCerts: false, applicationCacheEnabled: false, browserConnectionEnabled: false, browserName: chrome, chrome: {chromedriverVersion: 2.38.552522 (437e6fbedfa876..., userDataDir: C:\Users\BL@DER~1\AppData\L...}, cssSelectorsEnabled: true, databaseEnabled: false, handlesAlerts: true, hasTouchScreen: false, javascriptEnabled: true, locationContextEnabled: true, mobileEmulationEnabled: false, nativeEvents: true, networkConnectionEnabled: false, pageLoadStrategy: normal, platform: XP, platformName: XP, rotatable: false, setWindowRect: true, takesHeapSnapshot: true, takesScreenshot: true, unexpectedAlertBehaviour: , unhandledPromptBehavior: , version: 66.0.3359.181, webStorageEnabled: true}
Session ID: 690af1450b45a80a392fd8711ff42628
	at sun.reflect.NativeConstructorAccessorImpl.newInstance0(Native Method)
	at sun.reflect.NativeConstructorAccessorImpl.newInstance(NativeConstructorAccessorImpl.java:62)
	at sun.reflect.DelegatingConstructorAccessorImpl.newInstance(DelegatingConstructorAccessorImpl.java:45)
	at java.lang.reflect.Constructor.newInstance(Constructor.java:423)
	at org.openqa.selenium.remote.ErrorHandler.createThrowable(ErrorHandler.java:214)
	at org.openqa.selenium.remote.ErrorHandler.throwIfResponseFailed(ErrorHandler.java:166)
	at org.openqa.selenium.remote.http.JsonHttpResponseCodec.reconstructValue(JsonHttpResponseCodec.java:40)
	at org.openqa.selenium.remote.http.AbstractHttpResponseCodec.decode(AbstractHttpResponseCodec.java:80)
	at org.openqa.selenium.remote.http.AbstractHttpResponseCodec.decode(AbstractHttpResponseCodec.java:44)
	at org.openqa.selenium.remote.HttpCommandExecutor.execute(HttpCommandExecutor.java:158)
	at org.openqa.selenium.remote.service.DriverCommandExecutor.execute(DriverCommandExecutor.java:83)
	at org.openqa.selenium.remote.RemoteWebDriver.execute(RemoteWebDriver.java:543)
	at org.openqa.selenium.remote.RemoteWebElement.execute(RemoteWebElement.java:276)
	at org.openqa.selenium.remote.RemoteWebElement.click(RemoteWebElement.java:83)
	at Acedemy.HomePage.baseclassNavigation(HomePage.java:33)
	at sun.reflect.NativeMethodAccessorImpl.invoke0(Native Method)
	at sun.reflect.NativeMethodAccessorImpl.invoke(NativeMethodAccessorImpl.java:62)
	at sun.reflect.DelegatingMethodAccessorImpl.invoke(DelegatingMethodAccessorImpl.java:43)
	at java.lang.reflect.Method.invoke(Method.java:498)
	at org.testng.internal.MethodInvocationHelper.invokeMethod(MethodInvocationHelper.java:80)
	at org.testng.internal.Invoker.invokeMethod(Invoker.java:714)
	at org.testng.internal.Invoker.invokeTestMethod(Invoker.java:901)
	at org.testng.internal.Invoker.invokeTestMethods(Invoker.java:1231)
	at org.testng.internal.TestMethodWorker.invokeTestMethods(TestMethodWorker.java:127)
	at org.testng.internal.TestMethodWorker.run(TestMethodWorker.java:111)
	at org.testng.TestRunner.privateRun(TestRunner.java:767)
	at org.testng.TestRunner.run(TestRunner.java:617)
	at org.testng.SuiteRunner.runTest(SuiteRunner.java:334)
	at org.testng.SuiteRunner.runSequentially(SuiteRunner.java:329)
	at org.testng.SuiteRunner.privateRun(SuiteRunner.java:291)
	at org.testng.SuiteRunner.run(SuiteRunner.java:240)
	at org.testng.SuiteRunnerWorker.runSuite(SuiteRunnerWorker.java:52)
	at org.testng.SuiteRunnerWorker.run(SuiteRunnerWorker.java:86)
	at org.testng.TestNG.runSuitesSequentially(TestNG.java:1198)
	at org.testng.TestNG.runSuitesLocally(TestNG.java:1123)
	at org.testng.TestNG.run(TestNG.java:1031)
	at org.apache.maven.surefire.testng.TestNGExecutor.run(TestNGExecutor.java:283)
	at org.apache.maven.surefire.testng.TestNGXmlTestSuite.execute(TestNGXmlTestSuite.java:75)
	at org.apache.maven.surefire.testng.TestNGProvider.invoke(TestNGProvider.java:120)
	at org.apache.maven.surefire.booter.ForkedBooter.invokeProviderInSameClassLoader(ForkedBooter.java:379)
	at org.apache.maven.surefire.booter.ForkedBooter.runSuitesInProcess(ForkedBooter.java:340)
	at org.apache.maven.surefire.booter.ForkedBooter.execute(ForkedBooter.java:125)
	at org.apache.maven.surefire.booter.ForkedBooter.main(ForkedBooter.java:413)
]]>
            </full-stacktrace>
          </exception> <!-- org.openqa.selenium.WebDriverException -->
          <reporter-output>
          </reporter-output>
        </test-method> <!-- baseclassNavigation -->
        <test-method status="PASS" signature="teatfown()[pri:0, instance:Acedemy.HomePage@1dde4cb2]" name="teatfown" is-config="true" duration-ms="2139" started-at="2018-05-29T11:21:24Z" finished-at="2018-05-29T11:21:26Z">
          <reporter-output>
          </reporter-output>
        </test-method> <!-- teatfown -->
      </class> <!-- Acedemy.HomePage -->
    </test> <!-- Test HomePage -->
    <test name="Test Validate Title" duration-ms="71619" started-at="2018-05-29T05:51:26Z" finished-at="2018-05-29T05:52:38Z">
      <class name="Acedemy.ValidatedTitle">
        <test-method status="PASS" signature="intialize()[pri:0, instance:Acedemy.ValidatedTitle@5f058f00]" name="intialize" is-config="true" duration-ms="68968" started-at="2018-05-29T11:21:26Z" finished-at="2018-05-29T11:22:35Z">
          <reporter-output>
          </reporter-output>
        </test-method> <!-- intialize -->
        <test-method status="PASS" signature="validateAppTitle()[pri:0, instance:Acedemy.ValidatedTitle@5f058f00]" name="validateAppTitle" duration-ms="2232" started-at="2018-05-29T11:22:35Z" finished-at="2018-05-29T11:22:37Z">
          <reporter-output>
          </reporter-output>
        </test-method> <!-- validateAppTitle -->
        <test-method status="PASS" signature="teatfown()[pri:0, instance:Acedemy.ValidatedTitle@5f058f00]" name="teatfown" is-config="true" duration-ms="417" started-at="2018-05-29T11:22:37Z" finished-at="2018-05-29T11:22:38Z">
          <reporter-output>
          </reporter-output>
        </test-method> <!-- teatfown -->
      </class> <!-- Acedemy.ValidatedTitle -->
    </test> <!-- Test Validate Title -->
    <test name="Test Apptest page" duration-ms="0" started-at="2018-05-29T05:52:38Z" finished-at="2018-05-29T05:52:38Z">
    </test> <!-- Test Apptest page -->
  </suite> <!-- Suite -->
</testng-results>
